{"/Users/fionaren/Desktop/HackReactorPartTime/agile/client/src/modules/QuestionsAnswers/AddAnsForm.jsx": {"path":"/Users/fionaren/Desktop/HackReactorPartTime/agile/client/src/modules/QuestionsAnswers/AddAnsForm.jsx","statementMap":{"0":{"start":{"line":4,"column":19},"end":{"line":131,"column":1}},"1":{"start":{"line":5,"column":44},"end":{"line":9,"column":4}},"2":{"start":{"line":11,"column":30},"end":{"line":11,"column":42}},"3":{"start":{"line":12,"column":36},"end":{"line":12,"column":48}},"4":{"start":{"line":13,"column":34},"end":{"line":13,"column":49}},"5":{"start":{"line":15,"column":23},"end":{"line":20,"column":3}},"6":{"start":{"line":16,"column":4},"end":{"line":19,"column":7}},"7":{"start":{"line":22,"column":31},"end":{"line":25,"column":3}},"8":{"start":{"line":23,"column":4},"end":{"line":23,"column":30}},"9":{"start":{"line":24,"column":4},"end":{"line":24,"column":43}},"10":{"start":{"line":27,"column":23},"end":{"line":32,"column":3}},"11":{"start":{"line":28,"column":4},"end":{"line":28,"column":65}},"12":{"start":{"line":29,"column":4},"end":{"line":29,"column":48}},"13":{"start":{"line":30,"column":4},"end":{"line":30,"column":44}},"14":{"start":{"line":31,"column":4},"end":{"line":31,"column":22}},"15":{"start":{"line":34,"column":21},"end":{"line":52,"column":3}},"16":{"start":{"line":35,"column":19},"end":{"line":35,"column":21}},"17":{"start":{"line":36,"column":23},"end":{"line":36,"column":93}},"18":{"start":{"line":37,"column":4},"end":{"line":39,"column":5}},"19":{"start":{"line":38,"column":6},"end":{"line":38,"column":47}},"20":{"start":{"line":41,"column":4},"end":{"line":43,"column":5}},"21":{"start":{"line":42,"column":6},"end":{"line":42,"column":48}},"22":{"start":{"line":45,"column":4},"end":{"line":49,"column":5}},"23":{"start":{"line":46,"column":6},"end":{"line":46,"column":42}},"24":{"start":{"line":47,"column":11},"end":{"line":49,"column":5}},"25":{"start":{"line":48,"column":6},"end":{"line":48,"column":57}},"26":{"start":{"line":51,"column":4},"end":{"line":51,"column":18}},"27":{"start":{"line":54,"column":2},"end":{"line":70,"column":18}},"28":{"start":{"line":55,"column":4},"end":{"line":69,"column":5}},"29":{"start":{"line":56,"column":6},"end":{"line":68,"column":10}},"30":{"start":{"line":63,"column":10},"end":{"line":63,"column":71}},"31":{"start":{"line":64,"column":10},"end":{"line":64,"column":19}},"32":{"start":{"line":67,"column":10},"end":{"line":67,"column":66}},"33":{"start":{"line":72,"column":2},"end":{"line":130,"column":3}}},"fnMap":{"0":{"name":"(anonymous_0)","decl":{"start":{"line":4,"column":19},"end":{"line":4,"column":20}},"loc":{"start":{"line":4,"column":52},"end":{"line":131,"column":1}},"line":4},"1":{"name":"(anonymous_1)","decl":{"start":{"line":15,"column":23},"end":{"line":15,"column":24}},"loc":{"start":{"line":15,"column":30},"end":{"line":20,"column":3}},"line":15},"2":{"name":"(anonymous_2)","decl":{"start":{"line":22,"column":31},"end":{"line":22,"column":32}},"loc":{"start":{"line":22,"column":38},"end":{"line":25,"column":3}},"line":22},"3":{"name":"(anonymous_3)","decl":{"start":{"line":27,"column":23},"end":{"line":27,"column":24}},"loc":{"start":{"line":27,"column":29},"end":{"line":32,"column":3}},"line":27},"4":{"name":"(anonymous_4)","decl":{"start":{"line":34,"column":21},"end":{"line":34,"column":22}},"loc":{"start":{"line":34,"column":36},"end":{"line":52,"column":3}},"line":34},"5":{"name":"(anonymous_5)","decl":{"start":{"line":54,"column":12},"end":{"line":54,"column":13}},"loc":{"start":{"line":54,"column":18},"end":{"line":70,"column":3}},"line":54},"6":{"name":"(anonymous_6)","decl":{"start":{"line":62,"column":14},"end":{"line":62,"column":15}},"loc":{"start":{"line":62,"column":26},"end":{"line":65,"column":9}},"line":62},"7":{"name":"(anonymous_7)","decl":{"start":{"line":66,"column":15},"end":{"line":66,"column":16}},"loc":{"start":{"line":66,"column":24},"end":{"line":68,"column":9}},"line":66}},"branchMap":{"0":{"loc":{"start":{"line":37,"column":4},"end":{"line":39,"column":5}},"type":"if","locations":[{"start":{"line":37,"column":4},"end":{"line":39,"column":5}},{"start":{},"end":{}}],"line":37},"1":{"loc":{"start":{"line":41,"column":4},"end":{"line":43,"column":5}},"type":"if","locations":[{"start":{"line":41,"column":4},"end":{"line":43,"column":5}},{"start":{},"end":{}}],"line":41},"2":{"loc":{"start":{"line":45,"column":4},"end":{"line":49,"column":5}},"type":"if","locations":[{"start":{"line":45,"column":4},"end":{"line":49,"column":5}},{"start":{"line":47,"column":11},"end":{"line":49,"column":5}}],"line":45},"3":{"loc":{"start":{"line":47,"column":11},"end":{"line":49,"column":5}},"type":"if","locations":[{"start":{"line":47,"column":11},"end":{"line":49,"column":5}},{"start":{},"end":{}}],"line":47},"4":{"loc":{"start":{"line":55,"column":4},"end":{"line":69,"column":5}},"type":"if","locations":[{"start":{"line":55,"column":4},"end":{"line":69,"column":5}},{"start":{},"end":{}}],"line":55},"5":{"loc":{"start":{"line":55,"column":7},"end":{"line":55,"column":54}},"type":"binary-expr","locations":[{"start":{"line":55,"column":7},"end":{"line":55,"column":42}},{"start":{"line":55,"column":46},"end":{"line":55,"column":54}}],"line":55}},"s":{"0":1,"1":1,"2":1,"3":1,"4":1,"5":1,"6":0,"7":1,"8":0,"9":0,"10":1,"11":0,"12":0,"13":0,"14":0,"15":1,"16":0,"17":0,"18":0,"19":0,"20":0,"21":0,"22":0,"23":0,"24":0,"25":0,"26":0,"27":1,"28":0,"29":0,"30":0,"31":0,"32":0,"33":1},"f":{"0":1,"1":0,"2":0,"3":0,"4":0,"5":0,"6":0,"7":0},"b":{"0":[0,0],"1":[0,0],"2":[0,0],"3":[0,0],"4":[0,0],"5":[0,0]},"_coverageSchema":"1a1c01bbd47fc00a2c39e90264f33305004495a9","hash":"04c7b6ab4b607d7dbe06eb3d93609b1f660ec842"}
,"/Users/fionaren/Desktop/HackReactorPartTime/agile/client/src/modules/QuestionsAnswers/AddQuesForm.jsx": {"path":"/Users/fionaren/Desktop/HackReactorPartTime/agile/client/src/modules/QuestionsAnswers/AddQuesForm.jsx","statementMap":{"0":{"start":{"line":5,"column":20},"end":{"line":115,"column":1}},"1":{"start":{"line":6,"column":46},"end":{"line":11,"column":2}},"2":{"start":{"line":12,"column":36},"end":{"line":12,"column":48}},"3":{"start":{"line":13,"column":34},"end":{"line":13,"column":49}},"4":{"start":{"line":15,"column":23},"end":{"line":20,"column":3}},"5":{"start":{"line":16,"column":4},"end":{"line":19,"column":7}},"6":{"start":{"line":22,"column":23},"end":{"line":25,"column":3}},"7":{"start":{"line":23,"column":4},"end":{"line":23,"column":44}},"8":{"start":{"line":24,"column":4},"end":{"line":24,"column":22}},"9":{"start":{"line":27,"column":2},"end":{"line":43,"column":18}},"10":{"start":{"line":28,"column":4},"end":{"line":42,"column":5}},"11":{"start":{"line":29,"column":6},"end":{"line":41,"column":10}},"12":{"start":{"line":36,"column":10},"end":{"line":36,"column":62}},"13":{"start":{"line":37,"column":10},"end":{"line":37,"column":19}},"14":{"start":{"line":40,"column":10},"end":{"line":40,"column":54}},"15":{"start":{"line":45,"column":21},"end":{"line":63,"column":3}},"16":{"start":{"line":46,"column":19},"end":{"line":46,"column":21}},"17":{"start":{"line":47,"column":23},"end":{"line":47,"column":93}},"18":{"start":{"line":48,"column":4},"end":{"line":50,"column":5}},"19":{"start":{"line":49,"column":6},"end":{"line":49,"column":52}},"20":{"start":{"line":52,"column":4},"end":{"line":54,"column":5}},"21":{"start":{"line":53,"column":6},"end":{"line":53,"column":48}},"22":{"start":{"line":56,"column":4},"end":{"line":60,"column":5}},"23":{"start":{"line":57,"column":6},"end":{"line":57,"column":42}},"24":{"start":{"line":58,"column":11},"end":{"line":60,"column":5}},"25":{"start":{"line":59,"column":6},"end":{"line":59,"column":57}},"26":{"start":{"line":62,"column":4},"end":{"line":62,"column":18}},"27":{"start":{"line":65,"column":2},"end":{"line":114,"column":3}}},"fnMap":{"0":{"name":"(anonymous_0)","decl":{"start":{"line":5,"column":20},"end":{"line":5,"column":21}},"loc":{"start":{"line":5,"column":43},"end":{"line":115,"column":1}},"line":5},"1":{"name":"(anonymous_1)","decl":{"start":{"line":15,"column":23},"end":{"line":15,"column":24}},"loc":{"start":{"line":15,"column":30},"end":{"line":20,"column":3}},"line":15},"2":{"name":"(anonymous_2)","decl":{"start":{"line":22,"column":23},"end":{"line":22,"column":24}},"loc":{"start":{"line":22,"column":30},"end":{"line":25,"column":3}},"line":22},"3":{"name":"(anonymous_3)","decl":{"start":{"line":27,"column":12},"end":{"line":27,"column":13}},"loc":{"start":{"line":27,"column":18},"end":{"line":43,"column":3}},"line":27},"4":{"name":"(anonymous_4)","decl":{"start":{"line":35,"column":14},"end":{"line":35,"column":15}},"loc":{"start":{"line":35,"column":26},"end":{"line":38,"column":9}},"line":35},"5":{"name":"(anonymous_5)","decl":{"start":{"line":39,"column":15},"end":{"line":39,"column":16}},"loc":{"start":{"line":39,"column":24},"end":{"line":41,"column":9}},"line":39},"6":{"name":"(anonymous_6)","decl":{"start":{"line":45,"column":21},"end":{"line":45,"column":22}},"loc":{"start":{"line":45,"column":37},"end":{"line":63,"column":3}},"line":45}},"branchMap":{"0":{"loc":{"start":{"line":28,"column":4},"end":{"line":42,"column":5}},"type":"if","locations":[{"start":{"line":28,"column":4},"end":{"line":42,"column":5}},{"start":{},"end":{}}],"line":28},"1":{"loc":{"start":{"line":28,"column":7},"end":{"line":28,"column":54}},"type":"binary-expr","locations":[{"start":{"line":28,"column":7},"end":{"line":28,"column":42}},{"start":{"line":28,"column":46},"end":{"line":28,"column":54}}],"line":28},"2":{"loc":{"start":{"line":48,"column":4},"end":{"line":50,"column":5}},"type":"if","locations":[{"start":{"line":48,"column":4},"end":{"line":50,"column":5}},{"start":{},"end":{}}],"line":48},"3":{"loc":{"start":{"line":52,"column":4},"end":{"line":54,"column":5}},"type":"if","locations":[{"start":{"line":52,"column":4},"end":{"line":54,"column":5}},{"start":{},"end":{}}],"line":52},"4":{"loc":{"start":{"line":56,"column":4},"end":{"line":60,"column":5}},"type":"if","locations":[{"start":{"line":56,"column":4},"end":{"line":60,"column":5}},{"start":{"line":58,"column":11},"end":{"line":60,"column":5}}],"line":56},"5":{"loc":{"start":{"line":58,"column":11},"end":{"line":60,"column":5}},"type":"if","locations":[{"start":{"line":58,"column":11},"end":{"line":60,"column":5}},{"start":{},"end":{}}],"line":58}},"s":{"0":1,"1":1,"2":1,"3":1,"4":1,"5":0,"6":1,"7":0,"8":0,"9":1,"10":1,"11":0,"12":0,"13":0,"14":0,"15":1,"16":0,"17":0,"18":0,"19":0,"20":0,"21":0,"22":0,"23":0,"24":0,"25":0,"26":0,"27":1},"f":{"0":1,"1":0,"2":0,"3":1,"4":0,"5":0,"6":0},"b":{"0":[0,1],"1":[1,1],"2":[0,0],"3":[0,0],"4":[0,0],"5":[0,0]},"_coverageSchema":"1a1c01bbd47fc00a2c39e90264f33305004495a9","hash":"5cfa98ea1cddf3c2d58888c1850d7bec81e12283"}
,"/Users/fionaren/Desktop/HackReactorPartTime/agile/client/src/modules/QuestionsAnswers/AnswerView.jsx": {"path":"/Users/fionaren/Desktop/HackReactorPartTime/agile/client/src/modules/QuestionsAnswers/AnswerView.jsx","statementMap":{"0":{"start":{"line":3,"column":19},"end":{"line":33,"column":1}},"1":{"start":{"line":4,"column":45},"end":{"line":4,"column":73}},"2":{"start":{"line":5,"column":30},"end":{"line":5,"column":48}},"3":{"start":{"line":7,"column":23},"end":{"line":7,"column":50}},"4":{"start":{"line":7,"column":29},"end":{"line":7,"column":50}},"5":{"start":{"line":9,"column":31},"end":{"line":11,"column":3}},"6":{"start":{"line":10,"column":4},"end":{"line":10,"column":41}},"7":{"start":{"line":13,"column":2},"end":{"line":32,"column":3}},"8":{"start":{"line":17,"column":61},"end":{"line":17,"column":115}}},"fnMap":{"0":{"name":"(anonymous_0)","decl":{"start":{"line":3,"column":19},"end":{"line":3,"column":20}},"loc":{"start":{"line":3,"column":33},"end":{"line":33,"column":1}},"line":3},"1":{"name":"(anonymous_1)","decl":{"start":{"line":7,"column":23},"end":{"line":7,"column":24}},"loc":{"start":{"line":7,"column":29},"end":{"line":7,"column":50}},"line":7},"2":{"name":"(anonymous_2)","decl":{"start":{"line":9,"column":31},"end":{"line":9,"column":32}},"loc":{"start":{"line":9,"column":37},"end":{"line":11,"column":3}},"line":9},"3":{"name":"(anonymous_3)","decl":{"start":{"line":17,"column":52},"end":{"line":17,"column":53}},"loc":{"start":{"line":17,"column":61},"end":{"line":17,"column":115}},"line":17}},"branchMap":{"0":{"loc":{"start":{"line":17,"column":7},"end":{"line":17,"column":123}},"type":"cond-expr","locations":[{"start":{"line":17,"column":34},"end":{"line":17,"column":116}},{"start":{"line":17,"column":119},"end":{"line":17,"column":123}}],"line":17},"1":{"loc":{"start":{"line":21,"column":9},"end":{"line":21,"column":131}},"type":"cond-expr","locations":[{"start":{"line":21,"column":45},"end":{"line":21,"column":93}},{"start":{"line":21,"column":96},"end":{"line":21,"column":131}}],"line":21}},"s":{"0":1,"1":2,"2":2,"3":2,"4":0,"5":2,"6":0,"7":2,"8":2},"f":{"0":2,"1":0,"2":0,"3":2},"b":{"0":[1,1],"1":[0,2]},"_coverageSchema":"1a1c01bbd47fc00a2c39e90264f33305004495a9","hash":"eb366d2f6b17981b87972943055e3896798d29f3"}
,"/Users/fionaren/Desktop/HackReactorPartTime/agile/client/src/modules/QuestionsAnswers/QuesAns.jsx": {"path":"/Users/fionaren/Desktop/HackReactorPartTime/agile/client/src/modules/QuestionsAnswers/QuesAns.jsx","statementMap":{"0":{"start":{"line":7,"column":16},"end":{"line":72,"column":1}},"1":{"start":{"line":8,"column":42},"end":{"line":8,"column":54}},"2":{"start":{"line":9,"column":46},"end":{"line":9,"column":57}},"3":{"start":{"line":10,"column":42},"end":{"line":10,"column":57}},"4":{"start":{"line":11,"column":38},"end":{"line":11,"column":50}},"5":{"start":{"line":12,"column":34},"end":{"line":12,"column":46}},"6":{"start":{"line":14,"column":30},"end":{"line":14,"column":58}},"7":{"start":{"line":14,"column":36},"end":{"line":14,"column":58}},"8":{"start":{"line":15,"column":29},"end":{"line":15,"column":56}},"9":{"start":{"line":15,"column":35},"end":{"line":15,"column":56}},"10":{"start":{"line":17,"column":26},"end":{"line":26,"column":3}},"11":{"start":{"line":18,"column":3},"end":{"line":25,"column":8}},"12":{"start":{"line":20,"column":8},"end":{"line":20,"column":74}},"13":{"start":{"line":21,"column":8},"end":{"line":21,"column":47}},"14":{"start":{"line":24,"column":8},"end":{"line":24,"column":64}},"15":{"start":{"line":28,"column":27},"end":{"line":30,"column":3}},"16":{"start":{"line":29,"column":4},"end":{"line":29,"column":43}},"17":{"start":{"line":32,"column":23},"end":{"line":42,"column":3}},"18":{"start":{"line":34,"column":4},"end":{"line":34,"column":34}},"19":{"start":{"line":35,"column":4},"end":{"line":35,"column":59}},"20":{"start":{"line":36,"column":4},"end":{"line":39,"column":5}},"21":{"start":{"line":37,"column":6},"end":{"line":37,"column":96}},"22":{"start":{"line":37,"column":50},"end":{"line":37,"column":93}},"23":{"start":{"line":38,"column":6},"end":{"line":38,"column":57}},"24":{"start":{"line":43,"column":23},"end":{"line":45,"column":3}},"25":{"start":{"line":44,"column":4},"end":{"line":44,"column":30}},"26":{"start":{"line":47,"column":2},"end":{"line":49,"column":8}},"27":{"start":{"line":48,"column":4},"end":{"line":48,"column":22}},"28":{"start":{"line":52,"column":2},"end":{"line":71,"column":3}},"29":{"start":{"line":61,"column":10},"end":{"line":61,"column":90}},"30":{"start":{"line":65,"column":57},"end":{"line":65,"column":75}}},"fnMap":{"0":{"name":"(anonymous_0)","decl":{"start":{"line":7,"column":16},"end":{"line":7,"column":17}},"loc":{"start":{"line":7,"column":42},"end":{"line":72,"column":1}},"line":7},"1":{"name":"(anonymous_1)","decl":{"start":{"line":14,"column":30},"end":{"line":14,"column":31}},"loc":{"start":{"line":14,"column":36},"end":{"line":14,"column":58}},"line":14},"2":{"name":"(anonymous_2)","decl":{"start":{"line":15,"column":29},"end":{"line":15,"column":30}},"loc":{"start":{"line":15,"column":35},"end":{"line":15,"column":56}},"line":15},"3":{"name":"(anonymous_3)","decl":{"start":{"line":17,"column":26},"end":{"line":17,"column":27}},"loc":{"start":{"line":17,"column":32},"end":{"line":26,"column":3}},"line":17},"4":{"name":"(anonymous_4)","decl":{"start":{"line":19,"column":12},"end":{"line":19,"column":13}},"loc":{"start":{"line":19,"column":21},"end":{"line":22,"column":7}},"line":19},"5":{"name":"(anonymous_5)","decl":{"start":{"line":23,"column":13},"end":{"line":23,"column":14}},"loc":{"start":{"line":23,"column":22},"end":{"line":25,"column":7}},"line":23},"6":{"name":"(anonymous_6)","decl":{"start":{"line":28,"column":27},"end":{"line":28,"column":28}},"loc":{"start":{"line":28,"column":33},"end":{"line":30,"column":3}},"line":28},"7":{"name":"(anonymous_7)","decl":{"start":{"line":32,"column":23},"end":{"line":32,"column":24}},"loc":{"start":{"line":32,"column":30},"end":{"line":42,"column":3}},"line":32},"8":{"name":"(anonymous_8)","decl":{"start":{"line":37,"column":38},"end":{"line":37,"column":39}},"loc":{"start":{"line":37,"column":50},"end":{"line":37,"column":93}},"line":37},"9":{"name":"(anonymous_9)","decl":{"start":{"line":43,"column":23},"end":{"line":43,"column":24}},"loc":{"start":{"line":43,"column":29},"end":{"line":45,"column":3}},"line":43},"10":{"name":"(anonymous_10)","decl":{"start":{"line":47,"column":12},"end":{"line":47,"column":13}},"loc":{"start":{"line":47,"column":18},"end":{"line":49,"column":3}},"line":47},"11":{"name":"(anonymous_11)","decl":{"start":{"line":60,"column":51},"end":{"line":60,"column":52}},"loc":{"start":{"line":61,"column":10},"end":{"line":61,"column":90}},"line":61},"12":{"name":"(anonymous_12)","decl":{"start":{"line":65,"column":50},"end":{"line":65,"column":51}},"loc":{"start":{"line":65,"column":56},"end":{"line":65,"column":76}},"line":65}},"branchMap":{"0":{"loc":{"start":{"line":36,"column":4},"end":{"line":39,"column":5}},"type":"if","locations":[{"start":{"line":36,"column":4},"end":{"line":39,"column":5}},{"start":{},"end":{}}],"line":36},"1":{"loc":{"start":{"line":65,"column":7},"end":{"line":65,"column":117}},"type":"cond-expr","locations":[{"start":{"line":65,"column":33},"end":{"line":65,"column":110}},{"start":{"line":65,"column":113},"end":{"line":65,"column":117}}],"line":65},"2":{"loc":{"start":{"line":67,"column":7},"end":{"line":67,"column":84}},"type":"binary-expr","locations":[{"start":{"line":67,"column":7},"end":{"line":67,"column":19}},{"start":{"line":67,"column":23},"end":{"line":67,"column":84}}],"line":67}},"s":{"0":1,"1":1,"2":1,"3":1,"4":1,"5":1,"6":1,"7":0,"8":1,"9":0,"10":1,"11":1,"12":0,"13":0,"14":0,"15":1,"16":0,"17":1,"18":0,"19":0,"20":0,"21":0,"22":0,"23":0,"24":1,"25":0,"26":1,"27":1,"28":1,"29":0,"30":0},"f":{"0":1,"1":0,"2":0,"3":1,"4":0,"5":0,"6":0,"7":0,"8":0,"9":0,"10":1,"11":0,"12":0},"b":{"0":[0,0],"1":[0,1],"2":[1,0]},"_coverageSchema":"1a1c01bbd47fc00a2c39e90264f33305004495a9","hash":"90a24cc42656d8123718055031dafc12bf517320"}
,"/Users/fionaren/Desktop/HackReactorPartTime/agile/client/src/modules/QuestionsAnswers/QuestionView.jsx": {"path":"/Users/fionaren/Desktop/HackReactorPartTime/agile/client/src/modules/QuestionsAnswers/QuestionView.jsx","statementMap":{"0":{"start":{"line":6,"column":21},"end":{"line":50,"column":1}},"1":{"start":{"line":7,"column":42},"end":{"line":7,"column":53}},"2":{"start":{"line":8,"column":44},"end":{"line":8,"column":59}},"3":{"start":{"line":9,"column":40},"end":{"line":9,"column":55}},"4":{"start":{"line":10,"column":47},"end":{"line":10,"column":86}},"5":{"start":{"line":12,"column":29},"end":{"line":12,"column":56}},"6":{"start":{"line":12,"column":35},"end":{"line":12,"column":56}},"7":{"start":{"line":13,"column":28},"end":{"line":13,"column":54}},"8":{"start":{"line":13,"column":34},"end":{"line":13,"column":54}},"9":{"start":{"line":15,"column":22},"end":{"line":23,"column":3}},"10":{"start":{"line":17,"column":4},"end":{"line":17,"column":37}},"11":{"start":{"line":18,"column":4},"end":{"line":22,"column":5}},"12":{"start":{"line":19,"column":6},"end":{"line":19,"column":25}},"13":{"start":{"line":21,"column":6},"end":{"line":21,"column":60}},"14":{"start":{"line":25,"column":36},"end":{"line":27,"column":3}},"15":{"start":{"line":26,"column":4},"end":{"line":26,"column":43}},"16":{"start":{"line":29,"column":2},"end":{"line":49,"column":3}},"17":{"start":{"line":39,"column":8},"end":{"line":39,"column":83}},"18":{"start":{"line":44,"column":72},"end":{"line":44,"column":85}}},"fnMap":{"0":{"name":"(anonymous_0)","decl":{"start":{"line":6,"column":21},"end":{"line":6,"column":22}},"loc":{"start":{"line":6,"column":46},"end":{"line":50,"column":1}},"line":6},"1":{"name":"(anonymous_1)","decl":{"start":{"line":12,"column":29},"end":{"line":12,"column":30}},"loc":{"start":{"line":12,"column":35},"end":{"line":12,"column":56}},"line":12},"2":{"name":"(anonymous_2)","decl":{"start":{"line":13,"column":28},"end":{"line":13,"column":29}},"loc":{"start":{"line":13,"column":34},"end":{"line":13,"column":54}},"line":13},"3":{"name":"(anonymous_3)","decl":{"start":{"line":15,"column":22},"end":{"line":15,"column":23}},"loc":{"start":{"line":15,"column":28},"end":{"line":23,"column":3}},"line":15},"4":{"name":"(anonymous_4)","decl":{"start":{"line":25,"column":36},"end":{"line":25,"column":37}},"loc":{"start":{"line":25,"column":42},"end":{"line":27,"column":3}},"line":25},"5":{"name":"(anonymous_5)","decl":{"start":{"line":38,"column":64},"end":{"line":38,"column":65}},"loc":{"start":{"line":39,"column":8},"end":{"line":39,"column":83}},"line":39},"6":{"name":"(anonymous_6)","decl":{"start":{"line":44,"column":65},"end":{"line":44,"column":66}},"loc":{"start":{"line":44,"column":71},"end":{"line":44,"column":86}},"line":44}},"branchMap":{"0":{"loc":{"start":{"line":18,"column":4},"end":{"line":22,"column":5}},"type":"if","locations":[{"start":{"line":18,"column":4},"end":{"line":22,"column":5}},{"start":{"line":20,"column":11},"end":{"line":22,"column":5}}],"line":18},"1":{"loc":{"start":{"line":44,"column":7},"end":{"line":44,"column":160}},"type":"cond-expr","locations":[{"start":{"line":44,"column":50},"end":{"line":44,"column":153}},{"start":{"line":44,"column":156},"end":{"line":44,"column":160}}],"line":44},"2":{"loc":{"start":{"line":44,"column":89},"end":{"line":44,"column":145}},"type":"cond-expr","locations":[{"start":{"line":44,"column":105},"end":{"line":44,"column":123}},{"start":{"line":44,"column":126},"end":{"line":44,"column":145}}],"line":44},"3":{"loc":{"start":{"line":47,"column":7},"end":{"line":47,"column":102}},"type":"binary-expr","locations":[{"start":{"line":47,"column":7},"end":{"line":47,"column":18}},{"start":{"line":47,"column":22},"end":{"line":47,"column":102}}],"line":47}},"s":{"0":1,"1":1,"2":1,"3":1,"4":1,"5":1,"6":0,"7":1,"8":0,"9":1,"10":0,"11":0,"12":0,"13":0,"14":1,"15":0,"16":1,"17":2,"18":0},"f":{"0":1,"1":0,"2":0,"3":0,"4":0,"5":2,"6":0},"b":{"0":[0,0],"1":[1,0],"2":[0,1],"3":[1,0]},"_coverageSchema":"1a1c01bbd47fc00a2c39e90264f33305004495a9","hash":"8209e72aeb0f30d9c668d44f1c9540568b8d9a0e"}
}
